<?xml version="1.0" encoding="UTF-8"?>
<!-- Generated by org.testng.reporters.JUnitXMLReporter -->
<testsuite ignored="0" hostname="DESKTOP-T9MCT9U" failures="0" tests="3" name="Default test" time="3.64" errors="0" timestamp="2025-07-05T19:44:43 CEST">
  <testcase classname="firstProject.myTestCases" name="login" time="0.68"/>
  <testcase classname="firstProject.myTestCases" name="addToCart" time="0.253"/>
  <testcase classname="firstProject.myTestCases" name="logout" time="1.211"/>
</testsuite> <!-- Default test -->
